<?xml version="1.0" encoding="UTF-8"?>
<!-- Generated by org.testng.reporters.JUnitReportReporter -->
<testsuite skipped="0" hostname="DESKTOP-KVT697K" name="program1.NewTest" tests="1" failures="0" timestamp="08 Jul 2019 02:20:55 GMT" time="0.020" errors="0">
  <testcase name="f" time="0.020" classname="program1.NewTest"/>
</testsuite> <!-- program1.NewTest -->
