<?xml version="1.0" encoding="UTF-8"?>
<!-- Generated by org.testng.reporters.JUnitReportReporter -->
<testsuite hostname="DESKTOP-KVT697K" name="pageobjectmodel.baseclass" tests="1" failures="0" timestamp="5 Oct 2020 10:52:52 GMT" time="25.181" errors="0">
  <testcase name="base" time="25.181" classname="pageobjectmodel.baseclass"/>
</testsuite> <!-- pageobjectmodel.baseclass -->
