<?xml version="1.0" encoding="UTF-8"?>
<!-- Generated by org.testng.reporters.JUnitReportReporter -->
<testsuite skipped="0" hostname="DESKTOP-KVT697K" name="program1.NewTest3" tests="3" failures="0" timestamp="08 Jul 2019 14:33:02 GMT" time="0.016" errors="0">
  <testcase name="a" time="0.010" classname="program1.NewTest3"/>
  <testcase name="b" time="0.002" classname="program1.NewTest3"/>
  <testcase name="d" time="0.004" classname="program1.NewTest3"/>
</testsuite> <!-- program1.NewTest3 -->
