<?xml version="1.0" encoding="UTF-8"?>
<!-- Generated by org.testng.reporters.JUnitReportReporter -->
<testsuite hostname="DESKTOP-KVT697K" name="ui.NewTest4" tests="1" failures="0" timestamp="18 Dec 2020 23:38:00 GMT" time="0.019" errors="0">
  <testcase name="f" time="0.019" classname="ui.NewTest4"/>
</testsuite> <!-- ui.NewTest4 -->
