<?xml version="1.0" encoding="UTF-8"?>
<!-- Generated by org.testng.reporters.JUnitReportReporter -->
<testsuite skipped="0" hostname="DESKTOP-KVT697K" name="program1.NewTest5" tests="3" failures="0" timestamp="16 Jul 2019 15:48:32 GMT" time="0.022" errors="0">
  <testcase name="b" time="0.014" classname="program1.NewTest5"/>
  <testcase name="c" time="0.006" classname="program1.NewTest5"/>
  <testcase name="a" time="0.002" classname="program1.NewTest5"/>
</testsuite> <!-- program1.NewTest5 -->
