<?xml version="1.0" encoding="UTF-8"?>
<!-- Generated by org.testng.reporters.JUnitReportReporter -->
<testsuite skipped="0" hostname="DESKTOP-KVT697K" name="program1.NewTest67" tests="1" failures="0" timestamp="18 Jul 2019 14:44:37 GMT" time="0.021" errors="0">
  <testcase name="f4" time="0.021" classname="program1.NewTest67"/>
</testsuite> <!-- program1.NewTest67 -->
