<?xml version="1.0" encoding="UTF-8"?>
<!-- Generated by org.testng.reporters.JUnitReportReporter -->
<testsuite skipped="0" hostname="DESKTOP-KVT697K" name="program1.NewTest1" tests="1" failures="0" timestamp="16 Jul 2019 06:09:44 GMT" time="0.011" errors="0">
  <testcase name="c1" time="0.011" classname="program1.NewTest1"/>
</testsuite> <!-- program1.NewTest1 -->
