<?xml version="1.0" encoding="UTF-8"?>
<!-- Generated by org.testng.reporters.JUnitReportReporter -->
<testsuite skipped="0" hostname="DESKTOP-KVT697K" name="program2.NewTest1" tests="1" failures="0" timestamp="24 Jul 2019 16:02:08 GMT" time="0.016" errors="0">
  <testcase name="f" time="0.016" classname="program2.NewTest1"/>
</testsuite> <!-- program2.NewTest1 -->
