<?xml version="1.0" encoding="UTF-8"?>
<!-- Generated by org.testng.reporters.JUnitReportReporter -->
<testsuite skipped="0" hostname="DESKTOP-KVT697K" name="program1.NewTest10" tests="1" failures="0" timestamp="16 Jul 2019 06:14:42 GMT" time="0.012" errors="0">
  <testcase name="b1" time="0.012" classname="program1.NewTest10"/>
</testsuite> <!-- program1.NewTest10 -->
