<?xml version="1.0" encoding="UTF-8"?>
<!-- Generated by org.testng.reporters.JUnitReportReporter -->
<testsuite skipped="0" hostname="DESKTOP-KVT697K" name="program1.NewTest2" tests="1" failures="0" timestamp="08 Jul 2019 14:09:21 GMT" time="0.018" errors="0">
  <testcase name="f4" time="0.018" classname="program1.NewTest2"/>
</testsuite> <!-- program1.NewTest2 -->
