<?xml version="1.0" encoding="UTF-8"?>
<!-- Generated by org.testng.reporters.JUnitReportReporter -->
<testsuite skipped="0" hostname="DESKTOP-KVT697K" name="program1.NewTest12" tests="3" failures="0" timestamp="16 Jul 2019 06:36:19 GMT" time="0.024" errors="0">
  <testcase name="c3" time="0.015" classname="program1.NewTest12"/>
  <testcase name="c2" time="0.005" classname="program1.NewTest12"/>
  <testcase name="c" time="0.004" classname="program1.NewTest12"/>
</testsuite> <!-- program1.NewTest12 -->
