<?xml version="1.0" encoding="UTF-8"?>
<!-- Generated by org.testng.reporters.JUnitReportReporter -->
<testsuite skipped="0" hostname="DESKTOP-KVT697K" name="example1.NewTest10" tests="1" failures="0" timestamp="26 Jul 2019 15:09:55 GMT" time="20.311" errors="0">
  <testcase name="f" time="20.311" classname="example1.NewTest10"/>
</testsuite> <!-- example1.NewTest10 -->
